Using pre-set license
Built from '2020.3/release' branch; Version is '2020.3.7f1 (dd97f2c94397) revision 14522354'; Using compiler version '192528614'; Build Type 'Release'
OS: 'Windows 10 Pro; OS build 19045.4170; Version 2009; 64bit' Language: 'ru' Physical Memory: 7888 MB
BatchMode: 1, IsHumanControllingUs: 0, StartBugReporterOnCrash: 0, Is64bit: 1, IsPro: 0

 COMMAND LINE ARGUMENTS:
C:\Program Files\Unity\Hub\Editor\2020.3.7f1\Editor\Unity.exe
-adb2
-batchMode
-noUpm
-name
AssetImportWorker0
-projectPath
C:/Users/me/Desktop/Unity/confGaz/Gazprom
-logFile
Logs/AssetImportWorker0.log
-srvPort
62633
Successfully changed project path to: C:/Users/me/Desktop/Unity/confGaz/Gazprom
C:/Users/me/Desktop/Unity/confGaz/Gazprom
Using Asset Import Pipeline V2.
Refreshing native plugins compatible for Editor in 25.92 ms, found 0 plugins.
Preloading 0 native plugins for Editor in 0.00 ms.
Initialize engine version: 2020.3.7f1 (dd97f2c94397)
[Subsystems] Discovering subsystems at path C:/Program Files/Unity/Hub/Editor/2020.3.7f1/Editor/Data/Resources/UnitySubsystems
[Subsystems] Discovering subsystems at path C:/Users/me/Desktop/Unity/confGaz/Gazprom/Assets
GfxDevice: creating device client; threaded=0
Direct3D:
    Version:  Direct3D 11.0 [level 11.1]
    Renderer: Intel(R) UHD Graphics 630 (ID=0x9bc8)
    Vendor:   
    VRAM:     3944 MB
    Driver:   31.0.101.2111
Initialize mono
Mono path[0] = 'C:/Program Files/Unity/Hub/Editor/2020.3.7f1/Editor/Data/Managed'
Mono path[1] = 'C:/Program Files/Unity/Hub/Editor/2020.3.7f1/Editor/Data/MonoBleedingEdge/lib/mono/unityjit'
Mono config path = 'C:/Program Files/Unity/Hub/Editor/2020.3.7f1/Editor/Data/MonoBleedingEdge/etc'
Using monoOptions --debugger-agent=transport=dt_socket,embedding=1,server=y,suspend=n,address=127.0.0.1:56660
Begin MonoManager ReloadAssembly
Registering precompiled unity dll's ...
Register platform support module: C:/Program Files/Unity/Hub/Editor/2020.3.7f1/Editor/Data/PlaybackEngines/WindowsStandaloneSupport/UnityEditor.WindowsStandalone.Extensions.dll
Registered in 0.003818 seconds.
Native extension for WindowsStandalone target not found
Refreshing native plugins compatible for Editor in 30.26 ms, found 0 plugins.
Preloading 0 native plugins for Editor in 0.00 ms.
Mono: successfully reloaded assembly
- Completed reload, in  1.694 seconds
Platform modules already initialized, skipping
Registering precompiled user dll's ...
Registered in 0.002422 seconds.
Begin MonoManager ReloadAssembly
Native extension for WindowsStandalone target not found
Refreshing native plugins compatible for Editor in 0.35 ms, found 0 plugins.
Preloading 0 native plugins for Editor in 0.00 ms.
Mono: successfully reloaded assembly
- Completed reload, in  0.821 seconds
Platform modules already initialized, skipping
========================================================================
Worker process is ready to serve import requests
Launched and connected shader compiler UnityShaderCompiler.exe after 0.06 seconds
Refreshing native plugins compatible for Editor in 0.39 ms, found 0 plugins.
Preloading 0 native plugins for Editor in 0.00 ms.
Unloading 1124 Unused Serialized files (Serialized files now loaded: 0)
System memory in use before: 70.5 MB.
System memory in use after: 70.6 MB.

Unloading 9 unused Assets to reduce memory usage. Loaded Objects now: 1585.
Total: 23.600700 ms (FindLiveObjects: 0.275100 ms CreateObjectMapping: 0.052200 ms MarkObjects: 22.985900 ms  DeleteObjects: 0.285600 ms)

========================================================================
Received Import Request.
  path: Assets/Materials/Invest.copy.fbx
  artifactKey: Guid(5ebd6680040079842b3acc55c5d371ae) Importer(815301076,1909f56bfc062723c751e8b465ee728b)
Start importing Assets/Materials/Invest.copy.fbx using Guid(5ebd6680040079842b3acc55c5d371ae) Importer(815301076,1909f56bfc062723c751e8b465ee728b)  -> (artifact id: '6bce051cae5774271fdabe61dde1aaec') in 0.413105 seconds
  Import took 0.416774 seconds .

========================================================================
Received Import Request.
  Time since last request: 422.108982 seconds.
  path: Assets/Materials/Invest.copy 1.fbx
  artifactKey: Guid(3d688a13977d2c6499c3412faf4cfebf) Importer(815301076,1909f56bfc062723c751e8b465ee728b)
Start importing Assets/Materials/Invest.copy 1.fbx using Guid(3d688a13977d2c6499c3412faf4cfebf) Importer(815301076,1909f56bfc062723c751e8b465ee728b)  -> (artifact id: '9ac7b64eefc0afe7c8cb03660dd56d7b') in 0.376796 seconds
  Import took 0.394425 seconds .

========================================================================
Received Import Request.
  Time since last request: 4581.756730 seconds.
  path: Assets/Materials/workspace
  artifactKey: Guid(054421e18097d984b89ca268edd090fe) Importer(815301076,1909f56bfc062723c751e8b465ee728b)
Start importing Assets/Materials/workspace using Guid(054421e18097d984b89ca268edd090fe) Importer(815301076,1909f56bfc062723c751e8b465ee728b)  -> (artifact id: 'd78738d76c3dc96c2977f9a193e6f381') in 0.011733 seconds
  Import took 0.062075 seconds .

========================================================================
Received Import Request.
  Time since last request: 0.967864 seconds.
  path: Assets/Materials/workspace/source
  artifactKey: Guid(5f2a6ca0f25c46f449ae537bdce7055f) Importer(815301076,1909f56bfc062723c751e8b465ee728b)
Start importing Assets/Materials/workspace/source using Guid(5f2a6ca0f25c46f449ae537bdce7055f) Importer(815301076,1909f56bfc062723c751e8b465ee728b)  -> (artifact id: '9b508da88bf33154bb6cd33fd5edad1f') in 0.004365 seconds
  Import took 0.009870 seconds .

========================================================================
Received Import Request.
  Time since last request: 0.049245 seconds.
  path: Assets/Materials/workspace/source/11.fbx
  artifactKey: Guid(e4f5bef0cc873f646bd74984d231326c) Importer(815301076,1909f56bfc062723c751e8b465ee728b)
Start importing Assets/Materials/workspace/source/11.fbx using Guid(e4f5bef0cc873f646bd74984d231326c) Importer(815301076,1909f56bfc062723c751e8b465ee728b)  -> (artifact id: '8800394f6a335a2d04b8a54efe3f8166') in 0.596137 seconds
  Import took 0.600234 seconds .

========================================================================
Received Import Request.
  Time since last request: 0.000193 seconds.
  path: Assets/Materials/workspace/source/Table1.prefab
  artifactKey: Guid(c1b8ae0fad4e70a4997ac94589773850) Importer(815301076,1909f56bfc062723c751e8b465ee728b)
Start importing Assets/Materials/workspace/source/Table1.prefab using Guid(c1b8ae0fad4e70a4997ac94589773850) Importer(815301076,1909f56bfc062723c751e8b465ee728b)  -> (artifact id: 'fe5d696906613895d66565d196773073') in 0.038572 seconds
  Import took 0.041947 seconds .

========================================================================
Received Import Request.
  Time since last request: 2.383307 seconds.
  path: Assets/Materials/subway-turnstile
  artifactKey: Guid(0e26e7d1441415542b478afdafa5e513) Importer(815301076,1909f56bfc062723c751e8b465ee728b)
Start importing Assets/Materials/subway-turnstile using Guid(0e26e7d1441415542b478afdafa5e513) Importer(815301076,1909f56bfc062723c751e8b465ee728b)  -> (artifact id: '0ecd30f13f16f75a36f5db5a8124ccd5') in 0.006697 seconds
  Import took 0.013203 seconds .

========================================================================
Received Import Request.
  Time since last request: 1.170160 seconds.
  path: Assets/Materials/subway-turnstile/source
  artifactKey: Guid(54f6b7cf3511611488bbe795f351848b) Importer(815301076,1909f56bfc062723c751e8b465ee728b)
Start importing Assets/Materials/subway-turnstile/source using Guid(54f6b7cf3511611488bbe795f351848b) Importer(815301076,1909f56bfc062723c751e8b465ee728b)  -> (artifact id: '3e28f7e5960f8a4dccb458e1c058408d') in 0.004033 seconds
  Import took 0.008344 seconds .

========================================================================
Received Import Request.
  Time since last request: 0.043833 seconds.
  path: Assets/Materials/subway-turnstile/source/Catraca.fbx
  artifactKey: Guid(67fcc36706107cc4a848f267dce805f1) Importer(815301076,1909f56bfc062723c751e8b465ee728b)
Start importing Assets/Materials/subway-turnstile/source/Catraca.fbx using Guid(67fcc36706107cc4a848f267dce805f1) Importer(815301076,1909f56bfc062723c751e8b465ee728b)  -> (artifact id: '5375e97c74d76b2b2a71274a5fce352e') in 0.070679 seconds
  Import took 0.074387 seconds .

========================================================================
Received Prepare
Registering precompiled user dll's ...
Registered in 0.002715 seconds.
Begin MonoManager ReloadAssembly
Native extension for WindowsStandalone target not found
Refreshing native plugins compatible for Editor in 0.39 ms, found 0 plugins.
Preloading 0 native plugins for Editor in 0.00 ms.
Mono: successfully reloaded assembly
- Completed reload, in  0.968 seconds
Platform modules already initialized, skipping
Refreshing native plugins compatible for Editor in 0.31 ms, found 0 plugins.
Preloading 0 native plugins for Editor in 0.00 ms.
Unloading 1118 Unused Serialized files (Serialized files now loaded: 0)
System memory in use before: 73.9 MB.
System memory in use after: 74.0 MB.

Unloading 5 unused Assets to reduce memory usage. Loaded Objects now: 1631.
Total: 2.512900 ms (FindLiveObjects: 0.217600 ms CreateObjectMapping: 0.047300 ms MarkObjects: 2.226800 ms  DeleteObjects: 0.020000 ms)

AssetImportWorkerClient::OnTransportError - code=2 error=End of file
