Using pre-set license
Built from '2020.3/release' branch; Version is '2020.3.7f1 (dd97f2c94397) revision 14522354'; Using compiler version '192528614'; Build Type 'Release'
OS: 'Windows 10 Pro; OS build 19045.4046; Version 2009; 64bit' Language: 'ru' Physical Memory: 7888 MB
BatchMode: 1, IsHumanControllingUs: 0, StartBugReporterOnCrash: 0, Is64bit: 1, IsPro: 0

 COMMAND LINE ARGUMENTS:
C:\Program Files\Unity\Hub\Editor\2020.3.7f1\Editor\Unity.exe
-adb2
-batchMode
-noUpm
-name
AssetImportWorker0
-projectPath
C:/Users/me/Desktop/Unity/Gazprom
-logFile
Logs/AssetImportWorker0.log
-srvPort
64553
Successfully changed project path to: C:/Users/me/Desktop/Unity/Gazprom
C:/Users/me/Desktop/Unity/Gazprom
Using Asset Import Pipeline V2.
Refreshing native plugins compatible for Editor in 22.80 ms, found 0 plugins.
Preloading 0 native plugins for Editor in 0.00 ms.
Initialize engine version: 2020.3.7f1 (dd97f2c94397)
[Subsystems] Discovering subsystems at path C:/Program Files/Unity/Hub/Editor/2020.3.7f1/Editor/Data/Resources/UnitySubsystems
[Subsystems] Discovering subsystems at path C:/Users/me/Desktop/Unity/Gazprom/Assets
GfxDevice: creating device client; threaded=0
Direct3D:
    Version:  Direct3D 11.0 [level 11.1]
    Renderer: Intel(R) UHD Graphics 630 (ID=0x9bc8)
    Vendor:   
    VRAM:     3944 MB
    Driver:   31.0.101.2111
Initialize mono
Mono path[0] = 'C:/Program Files/Unity/Hub/Editor/2020.3.7f1/Editor/Data/Managed'
Mono path[1] = 'C:/Program Files/Unity/Hub/Editor/2020.3.7f1/Editor/Data/MonoBleedingEdge/lib/mono/unityjit'
Mono config path = 'C:/Program Files/Unity/Hub/Editor/2020.3.7f1/Editor/Data/MonoBleedingEdge/etc'
Using monoOptions --debugger-agent=transport=dt_socket,embedding=1,server=y,suspend=n,address=127.0.0.1:56656
Begin MonoManager ReloadAssembly
Registering precompiled unity dll's ...
Register platform support module: C:/Program Files/Unity/Hub/Editor/2020.3.7f1/Editor/Data/PlaybackEngines/WindowsStandaloneSupport/UnityEditor.WindowsStandalone.Extensions.dll
Registered in 0.005167 seconds.
Native extension for WindowsStandalone target not found
Refreshing native plugins compatible for Editor in 24.01 ms, found 0 plugins.
Preloading 0 native plugins for Editor in 0.00 ms.
Mono: successfully reloaded assembly
- Completed reload, in  2.772 seconds
Platform modules already initialized, skipping
Registering precompiled user dll's ...
Registered in 0.004867 seconds.
Begin MonoManager ReloadAssembly
Native extension for WindowsStandalone target not found
Refreshing native plugins compatible for Editor in 0.80 ms, found 0 plugins.
Preloading 0 native plugins for Editor in 0.00 ms.
Mono: successfully reloaded assembly
- Completed reload, in  0.983 seconds
Platform modules already initialized, skipping
========================================================================
Worker process is ready to serve import requests
Launched and connected shader compiler UnityShaderCompiler.exe after 0.05 seconds
Refreshing native plugins compatible for Editor in 0.25 ms, found 0 plugins.
Preloading 0 native plugins for Editor in 0.00 ms.
Unloading 1119 Unused Serialized files (Serialized files now loaded: 0)
System memory in use before: 70.1 MB.
System memory in use after: 70.2 MB.

Unloading 9 unused Assets to reduce memory usage. Loaded Objects now: 1580.
Total: 1.826600 ms (FindLiveObjects: 0.208800 ms CreateObjectMapping: 0.050500 ms MarkObjects: 1.483800 ms  DeleteObjects: 0.082000 ms)

========================================================================
Received Import Request.
  path: Assets/Prefabs/FIre/Fire Extinguisher Textured Variant.prefab
  artifactKey: Guid(897233700686fe5488718162154f10cd) Importer(815301076,1909f56bfc062723c751e8b465ee728b)
Start importing Assets/Prefabs/FIre/Fire Extinguisher Textured Variant.prefab using Guid(897233700686fe5488718162154f10cd) Importer(815301076,1909f56bfc062723c751e8b465ee728b)  -> (artifact id: '2196213b6ddd6a1a3e13eee33db2a7d0') in 0.108972 seconds
  Import took 0.112686 seconds .

========================================================================
Received Prepare
Registering precompiled user dll's ...
Registered in 0.003466 seconds.
Begin MonoManager ReloadAssembly
Native extension for WindowsStandalone target not found
Refreshing native plugins compatible for Editor in 0.48 ms, found 0 plugins.
Preloading 0 native plugins for Editor in 0.00 ms.
Mono: successfully reloaded assembly
- Completed reload, in  1.184 seconds
Platform modules already initialized, skipping
Refreshing native plugins compatible for Editor in 0.25 ms, found 0 plugins.
Preloading 0 native plugins for Editor in 0.00 ms.
Unloading 1113 Unused Serialized files (Serialized files now loaded: 0)
System memory in use before: 73.1 MB.
System memory in use after: 73.2 MB.

Unloading 4 unused Assets to reduce memory usage. Loaded Objects now: 1590.
Total: 2.454700 ms (FindLiveObjects: 0.340200 ms CreateObjectMapping: 0.053400 ms MarkObjects: 2.039400 ms  DeleteObjects: 0.019900 ms)

========================================================================
Received Prepare
Registering precompiled user dll's ...
Registered in 0.002054 seconds.
Begin MonoManager ReloadAssembly
Native extension for WindowsStandalone target not found
Refreshing native plugins compatible for Editor in 0.29 ms, found 0 plugins.
Preloading 0 native plugins for Editor in 0.00 ms.
Mono: successfully reloaded assembly
- Completed reload, in  0.988 seconds
Platform modules already initialized, skipping
Refreshing native plugins compatible for Editor in 0.25 ms, found 0 plugins.
Preloading 0 native plugins for Editor in 0.00 ms.
Unloading 1113 Unused Serialized files (Serialized files now loaded: 0)
System memory in use before: 73.1 MB.
System memory in use after: 73.2 MB.

Unloading 4 unused Assets to reduce memory usage. Loaded Objects now: 1593.
Total: 2.338100 ms (FindLiveObjects: 0.182000 ms CreateObjectMapping: 0.045100 ms MarkObjects: 2.092300 ms  DeleteObjects: 0.016100 ms)

========================================================================
Received Prepare
Registering precompiled user dll's ...
Registered in 0.000783 seconds.
Begin MonoManager ReloadAssembly
Native extension for WindowsStandalone target not found
Refreshing native plugins compatible for Editor in 0.73 ms, found 0 plugins.
Preloading 0 native plugins for Editor in 0.00 ms.
Mono: successfully reloaded assembly
- Completed reload, in  1.701 seconds
Platform modules already initialized, skipping
Refreshing native plugins compatible for Editor in 0.32 ms, found 0 plugins.
Preloading 0 native plugins for Editor in 0.00 ms.
Unloading 1113 Unused Serialized files (Serialized files now loaded: 0)
System memory in use before: 73.1 MB.
System memory in use after: 73.2 MB.

Unloading 4 unused Assets to reduce memory usage. Loaded Objects now: 1596.
Total: 3.033000 ms (FindLiveObjects: 0.244200 ms CreateObjectMapping: 0.058900 ms MarkObjects: 2.703200 ms  DeleteObjects: 0.024800 ms)

========================================================================
Received Prepare
Registering precompiled user dll's ...
Registered in 0.001214 seconds.
Begin MonoManager ReloadAssembly
Native extension for WindowsStandalone target not found
Refreshing native plugins compatible for Editor in 0.45 ms, found 0 plugins.
Preloading 0 native plugins for Editor in 0.00 ms.
Mono: successfully reloaded assembly
- Completed reload, in  1.459 seconds
Platform modules already initialized, skipping
Refreshing native plugins compatible for Editor in 0.25 ms, found 0 plugins.
Preloading 0 native plugins for Editor in 0.00 ms.
Unloading 1113 Unused Serialized files (Serialized files now loaded: 0)
System memory in use before: 73.1 MB.
System memory in use after: 73.2 MB.

Unloading 4 unused Assets to reduce memory usage. Loaded Objects now: 1599.
Total: 3.164800 ms (FindLiveObjects: 0.206700 ms CreateObjectMapping: 0.043600 ms MarkObjects: 2.889300 ms  DeleteObjects: 0.022800 ms)

========================================================================
Received Prepare
Registering precompiled user dll's ...
Registered in 0.007663 seconds.
Begin MonoManager ReloadAssembly
Native extension for WindowsStandalone target not found
Refreshing native plugins compatible for Editor in 0.33 ms, found 0 plugins.
Preloading 0 native plugins for Editor in 0.00 ms.
Mono: successfully reloaded assembly
- Completed reload, in  3.189 seconds
Platform modules already initialized, skipping
Refreshing native plugins compatible for Editor in 1.11 ms, found 0 plugins.
Preloading 0 native plugins for Editor in 0.00 ms.
Unloading 1113 Unused Serialized files (Serialized files now loaded: 0)
System memory in use before: 73.1 MB.
System memory in use after: 73.2 MB.

Unloading 4 unused Assets to reduce memory usage. Loaded Objects now: 1602.
Total: 22.214800 ms (FindLiveObjects: 3.888200 ms CreateObjectMapping: 0.233400 ms MarkObjects: 17.404600 ms  DeleteObjects: 0.264400 ms)

========================================================================
Received Prepare
Registering precompiled user dll's ...
Registered in 0.002579 seconds.
Begin MonoManager ReloadAssembly
Native extension for WindowsStandalone target not found
Refreshing native plugins compatible for Editor in 0.44 ms, found 0 plugins.
Preloading 0 native plugins for Editor in 0.00 ms.
Mono: successfully reloaded assembly
- Completed reload, in  1.595 seconds
Platform modules already initialized, skipping
Refreshing native plugins compatible for Editor in 0.24 ms, found 0 plugins.
Preloading 0 native plugins for Editor in 0.00 ms.
Unloading 1113 Unused Serialized files (Serialized files now loaded: 0)
System memory in use before: 73.2 MB.
System memory in use after: 73.3 MB.

Unloading 4 unused Assets to reduce memory usage. Loaded Objects now: 1605.
Total: 2.138800 ms (FindLiveObjects: 0.207100 ms CreateObjectMapping: 0.044500 ms MarkObjects: 1.867200 ms  DeleteObjects: 0.017200 ms)

AssetImportWorkerClient::OnTransportError - code=2 error=End of file
